
font5x7.o:     file format elf32-avr

Sections:
Idx Name          Size      VMA       LMA       File off  Algn
  0 .text         00000000  00000000  00000000  00000034  2**0
                  CONTENTS, ALLOC, LOAD, READONLY, CODE
  1 .data         00000000  00000000  00000000  00000034  2**0
                  CONTENTS, ALLOC, LOAD, DATA
  2 .bss          00000000  00000000  00000000  00000034  2**0
                  ALLOC
  3 .debug_abbrev 00000054  00000000  00000000  00000034  2**0
                  CONTENTS, READONLY, DEBUGGING
  4 .debug_info   00000086  00000000  00000000  00000088  2**0
                  CONTENTS, RELOC, READONLY, DEBUGGING
  5 .debug_line   0000004b  00000000  00000000  0000010e  2**0
                  CONTENTS, RELOC, READONLY, DEBUGGING
  6 .progmem.data 00000500  00000000  00000000  00000159  2**0
                  CONTENTS, ALLOC, LOAD, READONLY, DATA
  7 .debug_pubnames 0000001e  00000000  00000000  00000659  2**0
                  CONTENTS, RELOC, READONLY, DEBUGGING
  8 .debug_pubtypes 00000012  00000000  00000000  00000677  2**0
                  CONTENTS, RELOC, READONLY, DEBUGGING
  9 .debug_str    000000b1  00000000  00000000  00000689  2**0
                  CONTENTS, READONLY, DEBUGGING
