
sense.o:     file format elf32-avr

Sections:
Idx Name          Size      VMA       LMA       File off  Algn
  0 .text         00000004  00000000  00000000  00000034  2**0
                  CONTENTS, ALLOC, LOAD, READONLY, CODE
  1 .data         00000000  00000000  00000000  00000038  2**0
                  CONTENTS, ALLOC, LOAD, DATA
  2 .bss          00000001  00000000  00000000  00000038  2**0
                  ALLOC
  3 .debug_abbrev 0000008b  00000000  00000000  00000038  2**0
                  CONTENTS, READONLY, DEBUGGING
  4 .debug_info   0000010b  00000000  00000000  000000c3  2**0
                  CONTENTS, RELOC, READONLY, DEBUGGING
  5 .debug_line   00000067  00000000  00000000  000001ce  2**0
                  CONTENTS, RELOC, READONLY, DEBUGGING
  6 .debug_frame  00000020  00000000  00000000  00000238  2**2
                  CONTENTS, RELOC, READONLY, DEBUGGING
  7 .debug_pubnames 00000054  00000000  00000000  00000258  2**0
                  CONTENTS, RELOC, READONLY, DEBUGGING
  8 .debug_pubtypes 00000024  00000000  00000000  000002ac  2**0
                  CONTENTS, RELOC, READONLY, DEBUGGING
  9 .debug_aranges 00000020  00000000  00000000  000002d0  2**0
                  CONTENTS, RELOC, READONLY, DEBUGGING
 10 .debug_str    0000010e  00000000  00000000  000002f0  2**0
                  CONTENTS, READONLY, DEBUGGING

Disassembly of section .text:

00000000 <sense_get>:
//

u08 sense_get(void)
{
    return 0;
}
   0:	80 e0       	ldi	r24, 0x00	; 0
   2:	08 95       	ret
