./micropython.org/resources/firmware/tinypico-idf3-20191220-v1.12.bin
./micropython.org/resources/firmware/esp32-idf4-20200708-unstable-v1.12-614-gc2317a3a8.bin
./micropython.org/resources/firmware/esp32spiram-idf3-20200709-unstable-v1.12-621-gc299cc94e.bin
./micropython.org/resources/firmware/esp32spiram-idf4-20200709-unstable-v1.12-621-gc299cc94e.bin
./micropython.org/resources/firmware/tinypico-idf3-20200316-v1.12.bin
./micropython.org/resources/firmware/esp32-idf4-20200714-unstable-v1.12-623-gf743bd3d2.bin
./micropython.org/resources/firmware/esp32spiram-idf3-20200710-unstable-v1.12-622-gb6146ca1a.bin
./micropython.org/resources/firmware/tinypico-idf3-20200709-unstable-v1.12-621-gc299cc94e.bin
./micropython.org/resources/firmware/esp32spiram-idf3-20190529-v1.11.bin
./micropython.org/resources/firmware/esp32spiram-idf4-20191220-v1.12.bin
./micropython.org/resources/firmware/tinypico-idf3-20200714-unstable-v1.12-623-gf743bd3d2.bin
./micropython.org/resources/firmware/esp32spiram-idf3-20200708-unstable-v1.12-614-gc2317a3a8.bin
./micropython.org/resources/firmware/tinypico-idf4-20200316-v1.12.bin
./micropython.org/resources/firmware/esp32-idf3-20190529-v1.11.bin
./micropython.org/resources/firmware/esp32spiram-idf3-20200714-unstable-v1.12-623-gf743bd3d2.bin
./micropython.org/resources/firmware/tinypico-idf3-20200708-unstable-v1.12-614-gc2317a3a8.bin
./micropython.org/resources/firmware/esp32-idf3-20200709-unstable-v1.12-621-gc299cc94e.bin
./micropython.org/resources/firmware/esp32spiram-idf3-20191220-v1.12.bin
./micropython.org/resources/firmware/tinypico-idf4-20200714-unstable-v1.12-623-gf743bd3d2.bin
./micropython.org/resources/firmware/tinypico-idf3-20200710-unstable-v1.12-622-gb6146ca1a.bin
./micropython.org/resources/firmware/esp32-idf3-20200710-unstable-v1.12-622-gb6146ca1a.bin
./micropython.org/resources/firmware/esp32-idf3-20190125-v1.10.bin
./micropython.org/resources/firmware/tinypico-idf4-20191220-v1.12.bin
./micropython.org/resources/firmware/esp32spiram-idf3-20190125-v1.10.bin
./micropython.org/resources/firmware/esp32-idf3-20180511-v1.9.4.bin
./micropython.org/resources/firmware/tinypico-idf4-20200710-unstable-v1.12-622-gb6146ca1a.bin
./micropython.org/resources/firmware/esp32-idf4-20200710-unstable-v1.12-622-gb6146ca1a.bin
./micropython.org/resources/firmware/tinypico-idf4-20200709-unstable-v1.12-621-gc299cc94e.bin
./micropython.org/resources/firmware/esp32-idf3-20200714-unstable-v1.12-623-gf743bd3d2.bin
./micropython.org/resources/firmware/esp32spiram-idf4-20200708-unstable-v1.12-614-gc2317a3a8.bin
./micropython.org/resources/firmware/esp32spiram-idf4-20200714-unstable-v1.12-623-gf743bd3d2.bin
./micropython.org/resources/firmware/esp32-idf4-20200709-unstable-v1.12-621-gc299cc94e.bin
./micropython.org/resources/firmware/esp32spiram-idf4-20200710-unstable-v1.12-622-gb6146ca1a.bin
./micropython.org/resources/firmware/esp32-idf3-20200708-unstable-v1.12-614-gc2317a3a8.bin
./micropython.org/resources/firmware/tinypico-idf4-20200708-unstable-v1.12-614-gc2317a3a8.bin
./micropython.org/resources/firmware/esp32-idf4-20191220-v1.12.bin
./micropython.org/resources/firmware/esp32-idf3-20191220-v1.12.bin
./esp32-idf4-20191220-v1.12.bin


