Compiling the C compiler identification source file "CMakeCCompilerId.c" failed.
Compiler: /tools/toolchain/bin/xtensa-lx106-elf-gcc 
Build flags: -mlongcalls;-Wno-frame-address
Id flags: 

The output was:
1
/tools/toolchain/bin/../lib/gcc/xtensa-lx106-elf/5.2.0/../../../../xtensa-lx106-elf/bin/ld: cannot find crt1-sim.o: No such file or directory
/tools/toolchain/bin/../lib/gcc/xtensa-lx106-elf/5.2.0/../../../../xtensa-lx106-elf/bin/ld: cannot find _vectors.o: No such file or directory
/tools/toolchain/bin/../lib/gcc/xtensa-lx106-elf/5.2.0/../../../../xtensa-lx106-elf/bin/ld: cannot find -lsim
/tools/toolchain/bin/../lib/gcc/xtensa-lx106-elf/5.2.0/../../../../xtensa-lx106-elf/bin/ld: cannot find -lhandlers-sim
/tools/toolchain/bin/../lib/gcc/xtensa-lx106-elf/5.2.0/../../../../xtensa-lx106-elf/bin/ld: cannot find -lhal
collect2: error: ld returned 1 exit status


Compiling the CXX compiler identification source file "CMakeCXXCompilerId.cpp" failed.
Compiler: /tools/toolchain/bin/xtensa-lx106-elf-g++ 
Build flags: -mlongcalls;-Wno-frame-address
Id flags: 

The output was:
1
/tools/toolchain/bin/../lib/gcc/xtensa-lx106-elf/5.2.0/../../../../xtensa-lx106-elf/bin/ld: cannot find crt1-sim.o: No such file or directory
/tools/toolchain/bin/../lib/gcc/xtensa-lx106-elf/5.2.0/../../../../xtensa-lx106-elf/bin/ld: cannot find _vectors.o: No such file or directory
/tools/toolchain/bin/../lib/gcc/xtensa-lx106-elf/5.2.0/../../../../xtensa-lx106-elf/bin/ld: cannot find -lsim
/tools/toolchain/bin/../lib/gcc/xtensa-lx106-elf/5.2.0/../../../../xtensa-lx106-elf/bin/ld: cannot find -lhandlers-sim
/tools/toolchain/bin/../lib/gcc/xtensa-lx106-elf/5.2.0/../../../../xtensa-lx106-elf/bin/ld: cannot find -lhal
collect2: error: ld returned 1 exit status


