The target system is: Generic -  - 
The host system is: Linux - 5.3.0-7625-generic - x86_64
Compiling the C compiler identification source file "CMakeCCompilerId.c" succeeded.
Compiler: /tools/toolchain/bin/xtensa-lx106-elf-gcc 
Build flags: -mlongcalls;-Wno-frame-address
Id flags: -c

The output was:
0


Compilation of the C compiler identification source "CMakeCCompilerId.c" produced "CMakeCCompilerId.o"

The C compiler identification is GNU, found in "/build/build/CMakeFiles/3.5.2/CompilerIdC/CMakeCCompilerId.o"

Compiling the CXX compiler identification source file "CMakeCXXCompilerId.cpp" succeeded.
Compiler: /tools/toolchain/bin/xtensa-lx106-elf-g++ 
Build flags: -mlongcalls;-Wno-frame-address
Id flags: -c

The output was:
0


Compilation of the CXX compiler identification source "CMakeCXXCompilerId.cpp" produced "CMakeCXXCompilerId.o"

The CXX compiler identification is GNU, found in "/build/build/CMakeFiles/3.5.2/CompilerIdCXX/CMakeCXXCompilerId.o"

Checking whether the ASM compiler is GNU using "--version" matched "(GNU assembler)|(GCC)|(Free Software Foundation)":
xtensa-lx106-elf-gcc (crosstool-NG crosstool-ng-1.22.0-92-g8facf4c) 5.2.0
Copyright (C) 2015 Free Software Foundation, Inc.
This is free software; see the source for copying conditions.  There is NO
warranty; not even for MERCHANTABILITY or FITNESS FOR A PARTICULAR PURPOSE.

Determining if the C compiler works passed with the following output:
Change Dir: /build/build/CMakeFiles/CMakeTmp

Run Build Command:"/usr/bin/make" "cmTC_c8f2c/fast"
/usr/bin/make -f CMakeFiles/cmTC_c8f2c.dir/build.make CMakeFiles/cmTC_c8f2c.dir/build
make[1]: Entering directory '/build/build/CMakeFiles/CMakeTmp'
Building C object CMakeFiles/cmTC_c8f2c.dir/testCCompiler.c.obj
/tools/toolchain/bin/xtensa-lx106-elf-gcc    -mlongcalls -Wno-frame-address    -o CMakeFiles/cmTC_c8f2c.dir/testCCompiler.c.obj   -c /build/build/CMakeFiles/CMakeTmp/testCCompiler.c
Linking C executable cmTC_c8f2c
/tools/cmake-3.5.2-Linux-x86_64/bin/cmake -E cmake_link_script CMakeFiles/cmTC_c8f2c.dir/link.txt --verbose=1
/tools/toolchain/bin/xtensa-lx106-elf-gcc  -mlongcalls -Wno-frame-address   -nostdlib -Wl,--gc-sections  CMakeFiles/cmTC_c8f2c.dir/testCCompiler.c.obj  -o cmTC_c8f2c 
/tools/toolchain/bin/../lib/gcc/xtensa-lx106-elf/5.2.0/../../../../xtensa-lx106-elf/bin/ld: warning: cannot find entry symbol _start; not setting start address
make[1]: Leaving directory '/build/build/CMakeFiles/CMakeTmp'


Detecting C compiler ABI info compiled with the following output:
Change Dir: /build/build/CMakeFiles/CMakeTmp

Run Build Command:"/usr/bin/make" "cmTC_19cb6/fast"
/usr/bin/make -f CMakeFiles/cmTC_19cb6.dir/build.make CMakeFiles/cmTC_19cb6.dir/build
make[1]: Entering directory '/build/build/CMakeFiles/CMakeTmp'
Building C object CMakeFiles/cmTC_19cb6.dir/CMakeCCompilerABI.c.obj
/tools/toolchain/bin/xtensa-lx106-elf-gcc    -mlongcalls -Wno-frame-address    -o CMakeFiles/cmTC_19cb6.dir/CMakeCCompilerABI.c.obj   -c /tools/cmake-3.5.2-Linux-x86_64/share/cmake-3.5/Modules/CMakeCCompilerABI.c
Linking C executable cmTC_19cb6
/tools/cmake-3.5.2-Linux-x86_64/bin/cmake -E cmake_link_script CMakeFiles/cmTC_19cb6.dir/link.txt --verbose=1
/tools/toolchain/bin/xtensa-lx106-elf-gcc  -mlongcalls -Wno-frame-address   -nostdlib -Wl,--gc-sections -v CMakeFiles/cmTC_19cb6.dir/CMakeCCompilerABI.c.obj  -o cmTC_19cb6  
Using built-in specs.
COLLECT_GCC=/tools/toolchain/bin/xtensa-lx106-elf-gcc
COLLECT_LTO_WRAPPER=/tools/toolchain/bin/../libexec/gcc/xtensa-lx106-elf/5.2.0/lto-wrapper
Target: xtensa-lx106-elf
Configured with: /builds/idf/crosstool-NG/.build/src/gcc-5.2.0/configure --build=x86_64-build_pc-linux-gnu --host=x86_64-build_pc-linux-gnu --target=xtensa-lx106-elf --prefix=/builds/idf/crosstool-NG/builds/xtensa-lx106-elf --with-local-prefix=/builds/idf/crosstool-NG/builds/xtensa-lx106-elf/xtensa-lx106-elf/sysroot --with-sysroot=/builds/idf/crosstool-NG/builds/xtensa-lx106-elf/xtensa-lx106-elf/sysroot --with-newlib --enable-threads=no --disable-shared --with-pkgversion='crosstool-NG crosstool-ng-1.22.0-92-g8facf4c' --disable-__cxa_atexit --enable-cxx-flags='-fno-exceptions -fno-rtti' --with-gmp=/builds/idf/crosstool-NG/.build/xtensa-lx106-elf/buildtools --with-mpfr=/builds/idf/crosstool-NG/.build/xtensa-lx106-elf/buildtools --with-mpc=/builds/idf/crosstool-NG/.build/xtensa-lx106-elf/buildtools --with-isl=/builds/idf/crosstool-NG/.build/xtensa-lx106-elf/buildtools --with-cloog=/builds/idf/crosstool-NG/.build/xtensa-lx106-elf/buildtools --with-libelf=/builds/idf/crosstool-NG/.build/xtensa-lx106-elf/buildtools --enable-lto --enable-target-optspace --without-long-double-128 --disable-libgomp --disable-libmudflap --disable-libssp --disable-libquadmath --disable-libquadmath-support --disable-nls --disable-multilib --enable-languages=c,c++
Thread model: single
gcc version 5.2.0 (crosstool-NG crosstool-ng-1.22.0-92-g8facf4c) 
COMPILER_PATH=/tools/toolchain/bin/../libexec/gcc/xtensa-lx106-elf/5.2.0/:/tools/toolchain/bin/../libexec/gcc/:/tools/toolchain/bin/../lib/gcc/xtensa-lx106-elf/5.2.0/../../../../xtensa-lx106-elf/bin/
LIBRARY_PATH=/tools/toolchain/bin/../lib/gcc/xtensa-lx106-elf/5.2.0/:/tools/toolchain/bin/../lib/gcc/:/tools/toolchain/bin/../lib/gcc/xtensa-lx106-elf/5.2.0/../../../../xtensa-lx106-elf/lib/:/tools/toolchain/bin/../xtensa-lx106-elf/sysroot/lib/:/tools/toolchain/bin/../xtensa-lx106-elf/sysroot/usr/lib/
COLLECT_GCC_OPTIONS='-mlongcalls' '-Wno-frame-address' '-nostdlib' '-v' '-o' 'cmTC_19cb6'
 /tools/toolchain/bin/../libexec/gcc/xtensa-lx106-elf/5.2.0/collect2 -plugin /tools/toolchain/bin/../libexec/gcc/xtensa-lx106-elf/5.2.0/liblto_plugin.so -plugin-opt=/tools/toolchain/bin/../libexec/gcc/xtensa-lx106-elf/5.2.0/lto-wrapper -plugin-opt=-fresolution=/tmp/ccmFy07L.res --sysroot=/tools/toolchain/bin/../xtensa-lx106-elf/sysroot -o cmTC_19cb6 -L/tools/toolchain/bin/../lib/gcc/xtensa-lx106-elf/5.2.0 -L/tools/toolchain/bin/../lib/gcc -L/tools/toolchain/bin/../lib/gcc/xtensa-lx106-elf/5.2.0/../../../../xtensa-lx106-elf/lib -L/tools/toolchain/bin/../xtensa-lx106-elf/sysroot/lib -L/tools/toolchain/bin/../xtensa-lx106-elf/sysroot/usr/lib --gc-sections CMakeFiles/cmTC_19cb6.dir/CMakeCCompilerABI.c.obj
/tools/toolchain/bin/../lib/gcc/xtensa-lx106-elf/5.2.0/../../../../xtensa-lx106-elf/bin/ld: warning: cannot find entry symbol _start; not setting start address
make[1]: Leaving directory '/build/build/CMakeFiles/CMakeTmp'


Parsed C implicit link information from above output:
  link line regex: [^( *|.*[/\])(xtensa-lx106-elf-ld|([^/\]+-)?ld|collect2)[^/\]*( |$)]
  ignore line: [Change Dir: /build/build/CMakeFiles/CMakeTmp]
  ignore line: []
  ignore line: [Run Build Command:"/usr/bin/make" "cmTC_19cb6/fast"]
  ignore line: [/usr/bin/make -f CMakeFiles/cmTC_19cb6.dir/build.make CMakeFiles/cmTC_19cb6.dir/build]
  ignore line: [make[1]: Entering directory '/build/build/CMakeFiles/CMakeTmp']
  ignore line: [Building C object CMakeFiles/cmTC_19cb6.dir/CMakeCCompilerABI.c.obj]
  ignore line: [/tools/toolchain/bin/xtensa-lx106-elf-gcc    -mlongcalls -Wno-frame-address    -o CMakeFiles/cmTC_19cb6.dir/CMakeCCompilerABI.c.obj   -c /tools/cmake-3.5.2-Linux-x86_64/share/cmake-3.5/Modules/CMakeCCompilerABI.c]
  ignore line: [Linking C executable cmTC_19cb6]
  ignore line: [/tools/cmake-3.5.2-Linux-x86_64/bin/cmake -E cmake_link_script CMakeFiles/cmTC_19cb6.dir/link.txt --verbose=1]
  ignore line: [/tools/toolchain/bin/xtensa-lx106-elf-gcc  -mlongcalls -Wno-frame-address   -nostdlib -Wl,--gc-sections -v CMakeFiles/cmTC_19cb6.dir/CMakeCCompilerABI.c.obj  -o cmTC_19cb6  ]
  ignore line: [Using built-in specs.]
  ignore line: [COLLECT_GCC=/tools/toolchain/bin/xtensa-lx106-elf-gcc]
  ignore line: [COLLECT_LTO_WRAPPER=/tools/toolchain/bin/../libexec/gcc/xtensa-lx106-elf/5.2.0/lto-wrapper]
  ignore line: [Target: xtensa-lx106-elf]
  ignore line: [Configured with: /builds/idf/crosstool-NG/.build/src/gcc-5.2.0/configure --build=x86_64-build_pc-linux-gnu --host=x86_64-build_pc-linux-gnu --target=xtensa-lx106-elf --prefix=/builds/idf/crosstool-NG/builds/xtensa-lx106-elf --with-local-prefix=/builds/idf/crosstool-NG/builds/xtensa-lx106-elf/xtensa-lx106-elf/sysroot --with-sysroot=/builds/idf/crosstool-NG/builds/xtensa-lx106-elf/xtensa-lx106-elf/sysroot --with-newlib --enable-threads=no --disable-shared --with-pkgversion='crosstool-NG crosstool-ng-1.22.0-92-g8facf4c' --disable-__cxa_atexit --enable-cxx-flags='-fno-exceptions -fno-rtti' --with-gmp=/builds/idf/crosstool-NG/.build/xtensa-lx106-elf/buildtools --with-mpfr=/builds/idf/crosstool-NG/.build/xtensa-lx106-elf/buildtools --with-mpc=/builds/idf/crosstool-NG/.build/xtensa-lx106-elf/buildtools --with-isl=/builds/idf/crosstool-NG/.build/xtensa-lx106-elf/buildtools --with-cloog=/builds/idf/crosstool-NG/.build/xtensa-lx106-elf/buildtools --with-libelf=/builds/idf/crosstool-NG/.build/xtensa-lx106-elf/buildtools --enable-lto --enable-target-optspace --without-long-double-128 --disable-libgomp --disable-libmudflap --disable-libssp --disable-libquadmath --disable-libquadmath-support --disable-nls --disable-multilib --enable-languages=c,c++]
  ignore line: [Thread model: single]
  ignore line: [gcc version 5.2.0 (crosstool-NG crosstool-ng-1.22.0-92-g8facf4c) ]
  ignore line: [COMPILER_PATH=/tools/toolchain/bin/../libexec/gcc/xtensa-lx106-elf/5.2.0/:/tools/toolchain/bin/../libexec/gcc/:/tools/toolchain/bin/../lib/gcc/xtensa-lx106-elf/5.2.0/../../../../xtensa-lx106-elf/bin/]
  ignore line: [LIBRARY_PATH=/tools/toolchain/bin/../lib/gcc/xtensa-lx106-elf/5.2.0/:/tools/toolchain/bin/../lib/gcc/:/tools/toolchain/bin/../lib/gcc/xtensa-lx106-elf/5.2.0/../../../../xtensa-lx106-elf/lib/:/tools/toolchain/bin/../xtensa-lx106-elf/sysroot/lib/:/tools/toolchain/bin/../xtensa-lx106-elf/sysroot/usr/lib/]
  ignore line: [COLLECT_GCC_OPTIONS='-mlongcalls' '-Wno-frame-address' '-nostdlib' '-v' '-o' 'cmTC_19cb6']
  link line: [ /tools/toolchain/bin/../libexec/gcc/xtensa-lx106-elf/5.2.0/collect2 -plugin /tools/toolchain/bin/../libexec/gcc/xtensa-lx106-elf/5.2.0/liblto_plugin.so -plugin-opt=/tools/toolchain/bin/../libexec/gcc/xtensa-lx106-elf/5.2.0/lto-wrapper -plugin-opt=-fresolution=/tmp/ccmFy07L.res --sysroot=/tools/toolchain/bin/../xtensa-lx106-elf/sysroot -o cmTC_19cb6 -L/tools/toolchain/bin/../lib/gcc/xtensa-lx106-elf/5.2.0 -L/tools/toolchain/bin/../lib/gcc -L/tools/toolchain/bin/../lib/gcc/xtensa-lx106-elf/5.2.0/../../../../xtensa-lx106-elf/lib -L/tools/toolchain/bin/../xtensa-lx106-elf/sysroot/lib -L/tools/toolchain/bin/../xtensa-lx106-elf/sysroot/usr/lib --gc-sections CMakeFiles/cmTC_19cb6.dir/CMakeCCompilerABI.c.obj]
    arg [/tools/toolchain/bin/../libexec/gcc/xtensa-lx106-elf/5.2.0/collect2] ==> ignore
    arg [-plugin] ==> ignore
    arg [/tools/toolchain/bin/../libexec/gcc/xtensa-lx106-elf/5.2.0/liblto_plugin.so] ==> ignore
    arg [-plugin-opt=/tools/toolchain/bin/../libexec/gcc/xtensa-lx106-elf/5.2.0/lto-wrapper] ==> ignore
    arg [-plugin-opt=-fresolution=/tmp/ccmFy07L.res] ==> ignore
    arg [--sysroot=/tools/toolchain/bin/../xtensa-lx106-elf/sysroot] ==> ignore
    arg [-o] ==> ignore
    arg [cmTC_19cb6] ==> ignore
    arg [-L/tools/toolchain/bin/../lib/gcc/xtensa-lx106-elf/5.2.0] ==> dir [/tools/toolchain/bin/../lib/gcc/xtensa-lx106-elf/5.2.0]
    arg [-L/tools/toolchain/bin/../lib/gcc] ==> dir [/tools/toolchain/bin/../lib/gcc]
    arg [-L/tools/toolchain/bin/../lib/gcc/xtensa-lx106-elf/5.2.0/../../../../xtensa-lx106-elf/lib] ==> dir [/tools/toolchain/bin/../lib/gcc/xtensa-lx106-elf/5.2.0/../../../../xtensa-lx106-elf/lib]
    arg [-L/tools/toolchain/bin/../xtensa-lx106-elf/sysroot/lib] ==> dir [/tools/toolchain/bin/../xtensa-lx106-elf/sysroot/lib]
    arg [-L/tools/toolchain/bin/../xtensa-lx106-elf/sysroot/usr/lib] ==> dir [/tools/toolchain/bin/../xtensa-lx106-elf/sysroot/usr/lib]
    arg [--gc-sections] ==> ignore
    arg [CMakeFiles/cmTC_19cb6.dir/CMakeCCompilerABI.c.obj] ==> ignore
  collapse library dir [/tools/toolchain/bin/../lib/gcc/xtensa-lx106-elf/5.2.0] ==> [/tools/toolchain/lib/gcc/xtensa-lx106-elf/5.2.0]
  collapse library dir [/tools/toolchain/bin/../lib/gcc] ==> [/tools/toolchain/lib/gcc]
  collapse library dir [/tools/toolchain/bin/../lib/gcc/xtensa-lx106-elf/5.2.0/../../../../xtensa-lx106-elf/lib] ==> [/tools/toolchain/xtensa-lx106-elf/lib]
  collapse library dir [/tools/toolchain/bin/../xtensa-lx106-elf/sysroot/lib] ==> [/tools/toolchain/xtensa-lx106-elf/sysroot/lib]
  collapse library dir [/tools/toolchain/bin/../xtensa-lx106-elf/sysroot/usr/lib] ==> [/tools/toolchain/xtensa-lx106-elf/sysroot/usr/lib]
  implicit libs: []
  implicit dirs: [/tools/toolchain/lib/gcc/xtensa-lx106-elf/5.2.0;/tools/toolchain/lib/gcc;/tools/toolchain/xtensa-lx106-elf/lib;/tools/toolchain/xtensa-lx106-elf/sysroot/lib;/tools/toolchain/xtensa-lx106-elf/sysroot/usr/lib]
  implicit fwks: []




Detecting C [-std=c11] compiler features compiled with the following output:
Change Dir: /build/build/CMakeFiles/CMakeTmp

Run Build Command:"/usr/bin/make" "cmTC_e2fd9/fast"
/usr/bin/make -f CMakeFiles/cmTC_e2fd9.dir/build.make CMakeFiles/cmTC_e2fd9.dir/build
make[1]: Entering directory '/build/build/CMakeFiles/CMakeTmp'
Building C object CMakeFiles/cmTC_e2fd9.dir/feature_tests.c.obj
/tools/toolchain/bin/xtensa-lx106-elf-gcc    -mlongcalls -Wno-frame-address    -std=c11 -o CMakeFiles/cmTC_e2fd9.dir/feature_tests.c.obj   -c /build/build/CMakeFiles/feature_tests.c
Linking C executable cmTC_e2fd9
/tools/cmake-3.5.2-Linux-x86_64/bin/cmake -E cmake_link_script CMakeFiles/cmTC_e2fd9.dir/link.txt --verbose=1
/tools/toolchain/bin/xtensa-lx106-elf-gcc  -mlongcalls -Wno-frame-address   -nostdlib -Wl,--gc-sections  CMakeFiles/cmTC_e2fd9.dir/feature_tests.c.obj  -o cmTC_e2fd9 
/tools/toolchain/bin/../lib/gcc/xtensa-lx106-elf/5.2.0/../../../../xtensa-lx106-elf/bin/ld: warning: cannot find entry symbol _start; not setting start address
make[1]: Leaving directory '/build/build/CMakeFiles/CMakeTmp'




Detecting C [-std=c99] compiler features compiled with the following output:
Change Dir: /build/build/CMakeFiles/CMakeTmp

Run Build Command:"/usr/bin/make" "cmTC_9061c/fast"
/usr/bin/make -f CMakeFiles/cmTC_9061c.dir/build.make CMakeFiles/cmTC_9061c.dir/build
make[1]: Entering directory '/build/build/CMakeFiles/CMakeTmp'
Building C object CMakeFiles/cmTC_9061c.dir/feature_tests.c.obj
/tools/toolchain/bin/xtensa-lx106-elf-gcc    -mlongcalls -Wno-frame-address    -std=c99 -o CMakeFiles/cmTC_9061c.dir/feature_tests.c.obj   -c /build/build/CMakeFiles/feature_tests.c
Linking C executable cmTC_9061c
/tools/cmake-3.5.2-Linux-x86_64/bin/cmake -E cmake_link_script CMakeFiles/cmTC_9061c.dir/link.txt --verbose=1
/tools/toolchain/bin/xtensa-lx106-elf-gcc  -mlongcalls -Wno-frame-address   -nostdlib -Wl,--gc-sections  CMakeFiles/cmTC_9061c.dir/feature_tests.c.obj  -o cmTC_9061c 
/tools/toolchain/bin/../lib/gcc/xtensa-lx106-elf/5.2.0/../../../../xtensa-lx106-elf/bin/ld: warning: cannot find entry symbol _start; not setting start address
make[1]: Leaving directory '/build/build/CMakeFiles/CMakeTmp'




Detecting C [-std=c90] compiler features compiled with the following output:
Change Dir: /build/build/CMakeFiles/CMakeTmp

Run Build Command:"/usr/bin/make" "cmTC_808c6/fast"
/usr/bin/make -f CMakeFiles/cmTC_808c6.dir/build.make CMakeFiles/cmTC_808c6.dir/build
make[1]: Entering directory '/build/build/CMakeFiles/CMakeTmp'
Building C object CMakeFiles/cmTC_808c6.dir/feature_tests.c.obj
/tools/toolchain/bin/xtensa-lx106-elf-gcc    -mlongcalls -Wno-frame-address    -std=c90 -o CMakeFiles/cmTC_808c6.dir/feature_tests.c.obj   -c /build/build/CMakeFiles/feature_tests.c
Linking C executable cmTC_808c6
/tools/cmake-3.5.2-Linux-x86_64/bin/cmake -E cmake_link_script CMakeFiles/cmTC_808c6.dir/link.txt --verbose=1
/tools/toolchain/bin/xtensa-lx106-elf-gcc  -mlongcalls -Wno-frame-address   -nostdlib -Wl,--gc-sections  CMakeFiles/cmTC_808c6.dir/feature_tests.c.obj  -o cmTC_808c6 
/tools/toolchain/bin/../lib/gcc/xtensa-lx106-elf/5.2.0/../../../../xtensa-lx106-elf/bin/ld: warning: cannot find entry symbol _start; not setting start address
make[1]: Leaving directory '/build/build/CMakeFiles/CMakeTmp'


Determining if the CXX compiler works passed with the following output:
Change Dir: /build/build/CMakeFiles/CMakeTmp

Run Build Command:"/usr/bin/make" "cmTC_c30b7/fast"
/usr/bin/make -f CMakeFiles/cmTC_c30b7.dir/build.make CMakeFiles/cmTC_c30b7.dir/build
make[1]: Entering directory '/build/build/CMakeFiles/CMakeTmp'
Building CXX object CMakeFiles/cmTC_c30b7.dir/testCXXCompiler.cxx.obj
/tools/toolchain/bin/xtensa-lx106-elf-g++     -mlongcalls -Wno-frame-address    -o CMakeFiles/cmTC_c30b7.dir/testCXXCompiler.cxx.obj -c /build/build/CMakeFiles/CMakeTmp/testCXXCompiler.cxx
Linking CXX executable cmTC_c30b7
/tools/cmake-3.5.2-Linux-x86_64/bin/cmake -E cmake_link_script CMakeFiles/cmTC_c30b7.dir/link.txt --verbose=1
/tools/toolchain/bin/xtensa-lx106-elf-g++   -mlongcalls -Wno-frame-address   -nostdlib -Wl,--gc-sections  CMakeFiles/cmTC_c30b7.dir/testCXXCompiler.cxx.obj  -o cmTC_c30b7 
/tools/toolchain/bin/../lib/gcc/xtensa-lx106-elf/5.2.0/../../../../xtensa-lx106-elf/bin/ld: warning: cannot find entry symbol _start; not setting start address
make[1]: Leaving directory '/build/build/CMakeFiles/CMakeTmp'


Detecting CXX compiler ABI info compiled with the following output:
Change Dir: /build/build/CMakeFiles/CMakeTmp

Run Build Command:"/usr/bin/make" "cmTC_2f5db/fast"
/usr/bin/make -f CMakeFiles/cmTC_2f5db.dir/build.make CMakeFiles/cmTC_2f5db.dir/build
make[1]: Entering directory '/build/build/CMakeFiles/CMakeTmp'
Building CXX object CMakeFiles/cmTC_2f5db.dir/CMakeCXXCompilerABI.cpp.obj
/tools/toolchain/bin/xtensa-lx106-elf-g++     -mlongcalls -Wno-frame-address    -o CMakeFiles/cmTC_2f5db.dir/CMakeCXXCompilerABI.cpp.obj -c /tools/cmake-3.5.2-Linux-x86_64/share/cmake-3.5/Modules/CMakeCXXCompilerABI.cpp
Linking CXX executable cmTC_2f5db
/tools/cmake-3.5.2-Linux-x86_64/bin/cmake -E cmake_link_script CMakeFiles/cmTC_2f5db.dir/link.txt --verbose=1
/tools/toolchain/bin/xtensa-lx106-elf-g++   -mlongcalls -Wno-frame-address   -nostdlib -Wl,--gc-sections -v CMakeFiles/cmTC_2f5db.dir/CMakeCXXCompilerABI.cpp.obj  -o cmTC_2f5db  
Using built-in specs.
COLLECT_GCC=/tools/toolchain/bin/xtensa-lx106-elf-g++
COLLECT_LTO_WRAPPER=/tools/toolchain/bin/../libexec/gcc/xtensa-lx106-elf/5.2.0/lto-wrapper
Target: xtensa-lx106-elf
Configured with: /builds/idf/crosstool-NG/.build/src/gcc-5.2.0/configure --build=x86_64-build_pc-linux-gnu --host=x86_64-build_pc-linux-gnu --target=xtensa-lx106-elf --prefix=/builds/idf/crosstool-NG/builds/xtensa-lx106-elf --with-local-prefix=/builds/idf/crosstool-NG/builds/xtensa-lx106-elf/xtensa-lx106-elf/sysroot --with-sysroot=/builds/idf/crosstool-NG/builds/xtensa-lx106-elf/xtensa-lx106-elf/sysroot --with-newlib --enable-threads=no --disable-shared --with-pkgversion='crosstool-NG crosstool-ng-1.22.0-92-g8facf4c' --disable-__cxa_atexit --enable-cxx-flags='-fno-exceptions -fno-rtti' --with-gmp=/builds/idf/crosstool-NG/.build/xtensa-lx106-elf/buildtools --with-mpfr=/builds/idf/crosstool-NG/.build/xtensa-lx106-elf/buildtools --with-mpc=/builds/idf/crosstool-NG/.build/xtensa-lx106-elf/buildtools --with-isl=/builds/idf/crosstool-NG/.build/xtensa-lx106-elf/buildtools --with-cloog=/builds/idf/crosstool-NG/.build/xtensa-lx106-elf/buildtools --with-libelf=/builds/idf/crosstool-NG/.build/xtensa-lx106-elf/buildtools --enable-lto --enable-target-optspace --without-long-double-128 --disable-libgomp --disable-libmudflap --disable-libssp --disable-libquadmath --disable-libquadmath-support --disable-nls --disable-multilib --enable-languages=c,c++
Thread model: single
gcc version 5.2.0 (crosstool-NG crosstool-ng-1.22.0-92-g8facf4c) 
COMPILER_PATH=/tools/toolchain/bin/../libexec/gcc/xtensa-lx106-elf/5.2.0/:/tools/toolchain/bin/../libexec/gcc/:/tools/toolchain/bin/../lib/gcc/xtensa-lx106-elf/5.2.0/../../../../xtensa-lx106-elf/bin/
LIBRARY_PATH=/tools/toolchain/bin/../lib/gcc/xtensa-lx106-elf/5.2.0/:/tools/toolchain/bin/../lib/gcc/:/tools/toolchain/bin/../lib/gcc/xtensa-lx106-elf/5.2.0/../../../../xtensa-lx106-elf/lib/:/tools/toolchain/bin/../xtensa-lx106-elf/sysroot/lib/:/tools/toolchain/bin/../xtensa-lx106-elf/sysroot/usr/lib/
COLLECT_GCC_OPTIONS='-mlongcalls' '-Wno-frame-address' '-nostdlib' '-v' '-o' 'cmTC_2f5db'
 /tools/toolchain/bin/../libexec/gcc/xtensa-lx106-elf/5.2.0/collect2 -plugin /tools/toolchain/bin/../libexec/gcc/xtensa-lx106-elf/5.2.0/liblto_plugin.so -plugin-opt=/tools/toolchain/bin/../libexec/gcc/xtensa-lx106-elf/5.2.0/lto-wrapper -plugin-opt=-fresolution=/tmp/ccjBXElS.res --sysroot=/tools/toolchain/bin/../xtensa-lx106-elf/sysroot -o cmTC_2f5db -L/tools/toolchain/bin/../lib/gcc/xtensa-lx106-elf/5.2.0 -L/tools/toolchain/bin/../lib/gcc -L/tools/toolchain/bin/../lib/gcc/xtensa-lx106-elf/5.2.0/../../../../xtensa-lx106-elf/lib -L/tools/toolchain/bin/../xtensa-lx106-elf/sysroot/lib -L/tools/toolchain/bin/../xtensa-lx106-elf/sysroot/usr/lib --gc-sections CMakeFiles/cmTC_2f5db.dir/CMakeCXXCompilerABI.cpp.obj
/tools/toolchain/bin/../lib/gcc/xtensa-lx106-elf/5.2.0/../../../../xtensa-lx106-elf/bin/ld: warning: cannot find entry symbol _start; not setting start address
make[1]: Leaving directory '/build/build/CMakeFiles/CMakeTmp'


Parsed CXX implicit link information from above output:
  link line regex: [^( *|.*[/\])(xtensa-lx106-elf-ld|([^/\]+-)?ld|collect2)[^/\]*( |$)]
  ignore line: [Change Dir: /build/build/CMakeFiles/CMakeTmp]
  ignore line: []
  ignore line: [Run Build Command:"/usr/bin/make" "cmTC_2f5db/fast"]
  ignore line: [/usr/bin/make -f CMakeFiles/cmTC_2f5db.dir/build.make CMakeFiles/cmTC_2f5db.dir/build]
  ignore line: [make[1]: Entering directory '/build/build/CMakeFiles/CMakeTmp']
  ignore line: [Building CXX object CMakeFiles/cmTC_2f5db.dir/CMakeCXXCompilerABI.cpp.obj]
  ignore line: [/tools/toolchain/bin/xtensa-lx106-elf-g++     -mlongcalls -Wno-frame-address    -o CMakeFiles/cmTC_2f5db.dir/CMakeCXXCompilerABI.cpp.obj -c /tools/cmake-3.5.2-Linux-x86_64/share/cmake-3.5/Modules/CMakeCXXCompilerABI.cpp]
  ignore line: [Linking CXX executable cmTC_2f5db]
  ignore line: [/tools/cmake-3.5.2-Linux-x86_64/bin/cmake -E cmake_link_script CMakeFiles/cmTC_2f5db.dir/link.txt --verbose=1]
  ignore line: [/tools/toolchain/bin/xtensa-lx106-elf-g++   -mlongcalls -Wno-frame-address   -nostdlib -Wl,--gc-sections -v CMakeFiles/cmTC_2f5db.dir/CMakeCXXCompilerABI.cpp.obj  -o cmTC_2f5db  ]
  ignore line: [Using built-in specs.]
  ignore line: [COLLECT_GCC=/tools/toolchain/bin/xtensa-lx106-elf-g++]
  ignore line: [COLLECT_LTO_WRAPPER=/tools/toolchain/bin/../libexec/gcc/xtensa-lx106-elf/5.2.0/lto-wrapper]
  ignore line: [Target: xtensa-lx106-elf]
  ignore line: [Configured with: /builds/idf/crosstool-NG/.build/src/gcc-5.2.0/configure --build=x86_64-build_pc-linux-gnu --host=x86_64-build_pc-linux-gnu --target=xtensa-lx106-elf --prefix=/builds/idf/crosstool-NG/builds/xtensa-lx106-elf --with-local-prefix=/builds/idf/crosstool-NG/builds/xtensa-lx106-elf/xtensa-lx106-elf/sysroot --with-sysroot=/builds/idf/crosstool-NG/builds/xtensa-lx106-elf/xtensa-lx106-elf/sysroot --with-newlib --enable-threads=no --disable-shared --with-pkgversion='crosstool-NG crosstool-ng-1.22.0-92-g8facf4c' --disable-__cxa_atexit --enable-cxx-flags='-fno-exceptions -fno-rtti' --with-gmp=/builds/idf/crosstool-NG/.build/xtensa-lx106-elf/buildtools --with-mpfr=/builds/idf/crosstool-NG/.build/xtensa-lx106-elf/buildtools --with-mpc=/builds/idf/crosstool-NG/.build/xtensa-lx106-elf/buildtools --with-isl=/builds/idf/crosstool-NG/.build/xtensa-lx106-elf/buildtools --with-cloog=/builds/idf/crosstool-NG/.build/xtensa-lx106-elf/buildtools --with-libelf=/builds/idf/crosstool-NG/.build/xtensa-lx106-elf/buildtools --enable-lto --enable-target-optspace --without-long-double-128 --disable-libgomp --disable-libmudflap --disable-libssp --disable-libquadmath --disable-libquadmath-support --disable-nls --disable-multilib --enable-languages=c,c++]
  ignore line: [Thread model: single]
  ignore line: [gcc version 5.2.0 (crosstool-NG crosstool-ng-1.22.0-92-g8facf4c) ]
  ignore line: [COMPILER_PATH=/tools/toolchain/bin/../libexec/gcc/xtensa-lx106-elf/5.2.0/:/tools/toolchain/bin/../libexec/gcc/:/tools/toolchain/bin/../lib/gcc/xtensa-lx106-elf/5.2.0/../../../../xtensa-lx106-elf/bin/]
  ignore line: [LIBRARY_PATH=/tools/toolchain/bin/../lib/gcc/xtensa-lx106-elf/5.2.0/:/tools/toolchain/bin/../lib/gcc/:/tools/toolchain/bin/../lib/gcc/xtensa-lx106-elf/5.2.0/../../../../xtensa-lx106-elf/lib/:/tools/toolchain/bin/../xtensa-lx106-elf/sysroot/lib/:/tools/toolchain/bin/../xtensa-lx106-elf/sysroot/usr/lib/]
  ignore line: [COLLECT_GCC_OPTIONS='-mlongcalls' '-Wno-frame-address' '-nostdlib' '-v' '-o' 'cmTC_2f5db']
  link line: [ /tools/toolchain/bin/../libexec/gcc/xtensa-lx106-elf/5.2.0/collect2 -plugin /tools/toolchain/bin/../libexec/gcc/xtensa-lx106-elf/5.2.0/liblto_plugin.so -plugin-opt=/tools/toolchain/bin/../libexec/gcc/xtensa-lx106-elf/5.2.0/lto-wrapper -plugin-opt=-fresolution=/tmp/ccjBXElS.res --sysroot=/tools/toolchain/bin/../xtensa-lx106-elf/sysroot -o cmTC_2f5db -L/tools/toolchain/bin/../lib/gcc/xtensa-lx106-elf/5.2.0 -L/tools/toolchain/bin/../lib/gcc -L/tools/toolchain/bin/../lib/gcc/xtensa-lx106-elf/5.2.0/../../../../xtensa-lx106-elf/lib -L/tools/toolchain/bin/../xtensa-lx106-elf/sysroot/lib -L/tools/toolchain/bin/../xtensa-lx106-elf/sysroot/usr/lib --gc-sections CMakeFiles/cmTC_2f5db.dir/CMakeCXXCompilerABI.cpp.obj]
    arg [/tools/toolchain/bin/../libexec/gcc/xtensa-lx106-elf/5.2.0/collect2] ==> ignore
    arg [-plugin] ==> ignore
    arg [/tools/toolchain/bin/../libexec/gcc/xtensa-lx106-elf/5.2.0/liblto_plugin.so] ==> ignore
    arg [-plugin-opt=/tools/toolchain/bin/../libexec/gcc/xtensa-lx106-elf/5.2.0/lto-wrapper] ==> ignore
    arg [-plugin-opt=-fresolution=/tmp/ccjBXElS.res] ==> ignore
    arg [--sysroot=/tools/toolchain/bin/../xtensa-lx106-elf/sysroot] ==> ignore
    arg [-o] ==> ignore
    arg [cmTC_2f5db] ==> ignore
    arg [-L/tools/toolchain/bin/../lib/gcc/xtensa-lx106-elf/5.2.0] ==> dir [/tools/toolchain/bin/../lib/gcc/xtensa-lx106-elf/5.2.0]
    arg [-L/tools/toolchain/bin/../lib/gcc] ==> dir [/tools/toolchain/bin/../lib/gcc]
    arg [-L/tools/toolchain/bin/../lib/gcc/xtensa-lx106-elf/5.2.0/../../../../xtensa-lx106-elf/lib] ==> dir [/tools/toolchain/bin/../lib/gcc/xtensa-lx106-elf/5.2.0/../../../../xtensa-lx106-elf/lib]
    arg [-L/tools/toolchain/bin/../xtensa-lx106-elf/sysroot/lib] ==> dir [/tools/toolchain/bin/../xtensa-lx106-elf/sysroot/lib]
    arg [-L/tools/toolchain/bin/../xtensa-lx106-elf/sysroot/usr/lib] ==> dir [/tools/toolchain/bin/../xtensa-lx106-elf/sysroot/usr/lib]
    arg [--gc-sections] ==> ignore
    arg [CMakeFiles/cmTC_2f5db.dir/CMakeCXXCompilerABI.cpp.obj] ==> ignore
  collapse library dir [/tools/toolchain/bin/../lib/gcc/xtensa-lx106-elf/5.2.0] ==> [/tools/toolchain/lib/gcc/xtensa-lx106-elf/5.2.0]
  collapse library dir [/tools/toolchain/bin/../lib/gcc] ==> [/tools/toolchain/lib/gcc]
  collapse library dir [/tools/toolchain/bin/../lib/gcc/xtensa-lx106-elf/5.2.0/../../../../xtensa-lx106-elf/lib] ==> [/tools/toolchain/xtensa-lx106-elf/lib]
  collapse library dir [/tools/toolchain/bin/../xtensa-lx106-elf/sysroot/lib] ==> [/tools/toolchain/xtensa-lx106-elf/sysroot/lib]
  collapse library dir [/tools/toolchain/bin/../xtensa-lx106-elf/sysroot/usr/lib] ==> [/tools/toolchain/xtensa-lx106-elf/sysroot/usr/lib]
  implicit libs: []
  implicit dirs: [/tools/toolchain/lib/gcc/xtensa-lx106-elf/5.2.0;/tools/toolchain/lib/gcc;/tools/toolchain/xtensa-lx106-elf/lib;/tools/toolchain/xtensa-lx106-elf/sysroot/lib;/tools/toolchain/xtensa-lx106-elf/sysroot/usr/lib]
  implicit fwks: []




Detecting CXX [-std=c++14] compiler features compiled with the following output:
Change Dir: /build/build/CMakeFiles/CMakeTmp

Run Build Command:"/usr/bin/make" "cmTC_8a828/fast"
/usr/bin/make -f CMakeFiles/cmTC_8a828.dir/build.make CMakeFiles/cmTC_8a828.dir/build
make[1]: Entering directory '/build/build/CMakeFiles/CMakeTmp'
Building CXX object CMakeFiles/cmTC_8a828.dir/feature_tests.cxx.obj
/tools/toolchain/bin/xtensa-lx106-elf-g++     -mlongcalls -Wno-frame-address    -std=c++14 -o CMakeFiles/cmTC_8a828.dir/feature_tests.cxx.obj -c /build/build/CMakeFiles/feature_tests.cxx
Linking CXX executable cmTC_8a828
/tools/cmake-3.5.2-Linux-x86_64/bin/cmake -E cmake_link_script CMakeFiles/cmTC_8a828.dir/link.txt --verbose=1
/tools/toolchain/bin/xtensa-lx106-elf-g++   -mlongcalls -Wno-frame-address   -nostdlib -Wl,--gc-sections  CMakeFiles/cmTC_8a828.dir/feature_tests.cxx.obj  -o cmTC_8a828 
/tools/toolchain/bin/../lib/gcc/xtensa-lx106-elf/5.2.0/../../../../xtensa-lx106-elf/bin/ld: warning: cannot find entry symbol _start; not setting start address
make[1]: Leaving directory '/build/build/CMakeFiles/CMakeTmp'




Detecting CXX [-std=c++11] compiler features compiled with the following output:
Change Dir: /build/build/CMakeFiles/CMakeTmp

Run Build Command:"/usr/bin/make" "cmTC_8e781/fast"
/usr/bin/make -f CMakeFiles/cmTC_8e781.dir/build.make CMakeFiles/cmTC_8e781.dir/build
make[1]: Entering directory '/build/build/CMakeFiles/CMakeTmp'
Building CXX object CMakeFiles/cmTC_8e781.dir/feature_tests.cxx.obj
/tools/toolchain/bin/xtensa-lx106-elf-g++     -mlongcalls -Wno-frame-address    -std=c++11 -o CMakeFiles/cmTC_8e781.dir/feature_tests.cxx.obj -c /build/build/CMakeFiles/feature_tests.cxx
Linking CXX executable cmTC_8e781
/tools/cmake-3.5.2-Linux-x86_64/bin/cmake -E cmake_link_script CMakeFiles/cmTC_8e781.dir/link.txt --verbose=1
/tools/toolchain/bin/xtensa-lx106-elf-g++   -mlongcalls -Wno-frame-address   -nostdlib -Wl,--gc-sections  CMakeFiles/cmTC_8e781.dir/feature_tests.cxx.obj  -o cmTC_8e781 
/tools/toolchain/bin/../lib/gcc/xtensa-lx106-elf/5.2.0/../../../../xtensa-lx106-elf/bin/ld: warning: cannot find entry symbol _start; not setting start address
make[1]: Leaving directory '/build/build/CMakeFiles/CMakeTmp'




Detecting CXX [-std=c++98] compiler features compiled with the following output:
Change Dir: /build/build/CMakeFiles/CMakeTmp

Run Build Command:"/usr/bin/make" "cmTC_84159/fast"
/usr/bin/make -f CMakeFiles/cmTC_84159.dir/build.make CMakeFiles/cmTC_84159.dir/build
make[1]: Entering directory '/build/build/CMakeFiles/CMakeTmp'
Building CXX object CMakeFiles/cmTC_84159.dir/feature_tests.cxx.obj
/tools/toolchain/bin/xtensa-lx106-elf-g++     -mlongcalls -Wno-frame-address    -std=c++98 -o CMakeFiles/cmTC_84159.dir/feature_tests.cxx.obj -c /build/build/CMakeFiles/feature_tests.cxx
Linking CXX executable cmTC_84159
/tools/cmake-3.5.2-Linux-x86_64/bin/cmake -E cmake_link_script CMakeFiles/cmTC_84159.dir/link.txt --verbose=1
/tools/toolchain/bin/xtensa-lx106-elf-g++   -mlongcalls -Wno-frame-address   -nostdlib -Wl,--gc-sections  CMakeFiles/cmTC_84159.dir/feature_tests.cxx.obj  -o cmTC_84159 
/tools/toolchain/bin/../lib/gcc/xtensa-lx106-elf/5.2.0/../../../../xtensa-lx106-elf/bin/ld: warning: cannot find entry symbol _start; not setting start address
make[1]: Leaving directory '/build/build/CMakeFiles/CMakeTmp'


