time="2020-05-10T14:40:54Z" level=info msg="Config file not found, using default values"
time="2020-05-10T14:40:54Z" level=info msg="arduino-cli version 0.10.0"
time="2020-05-10T14:40:54Z" level=info msg="Checking if CLI is Bundled into the IDE"
time="2020-05-10T14:40:54Z" level=info msg="Loading hardware from: /root/.arduino15/packages"
time="2020-05-10T14:40:54Z" level=info msg="Loading package builtin from: /root/.arduino15/packages/builtin"
time="2020-05-10T14:40:54Z" level=info msg="Checking existence of 'tools' path: /root/.arduino15/packages/builtin/tools"
time="2020-05-10T14:40:54Z" level=info msg="Loading tools from dir: /root/.arduino15/packages/builtin/tools"
time="2020-05-10T14:40:54Z" level=info msg="Loaded tool" tool="builtin:ctags@5.8-arduino11"
time="2020-05-10T14:40:54Z" level=info msg="Loaded tool" tool="builtin:serial-discovery@1.0.0"
time="2020-05-10T14:40:54Z" level=info msg="Adding libraries dir" dir=/root/Arduino/libraries location=user
time="2020-05-10T14:40:54Z" level=error msg="Error loading platform index: loading json index file /root/.arduino15/package_index.json: open /root/.arduino15/package_index.json: no such file or directory"
time="2020-05-10T14:40:54Z" level=error msg="Error creating instance: There were errors loading platform indexes"
time="2020-05-10T14:43:51Z" level=info msg="Config file not found, using default values"
time="2020-05-10T14:43:51Z" level=info msg="arduino-cli version 0.10.0"
time="2020-05-10T14:43:51Z" level=info msg="Checking if CLI is Bundled into the IDE"
time="2020-05-10T14:43:51Z" level=info msg="Loading hardware from: /root/.arduino15/packages"
time="2020-05-10T14:43:51Z" level=info msg="Loading package builtin from: /root/.arduino15/packages/builtin"
time="2020-05-10T14:43:51Z" level=info msg="Checking existence of 'tools' path: /root/.arduino15/packages/builtin/tools"
time="2020-05-10T14:43:51Z" level=info msg="Loading tools from dir: /root/.arduino15/packages/builtin/tools"
time="2020-05-10T14:43:51Z" level=info msg="Loaded tool" tool="builtin:ctags@5.8-arduino11"
time="2020-05-10T14:43:51Z" level=info msg="Loaded tool" tool="builtin:serial-discovery@1.0.0"
time="2020-05-10T14:43:51Z" level=info msg="Adding libraries dir" dir=/root/Arduino/libraries location=user
time="2020-05-10T14:43:51Z" level=info msg="inventory.Store.ConfigFileUsed() /root/.arduino15/inventory.yaml"
time="2020-05-10T14:43:51Z" level=info msg="inventory.Store.ConfigFileUsed() /root/.arduino15/inventory.yaml"
time="2020-05-10T14:43:51Z" level=error msg="Error during build: no FQBN provided"
